<?xml version="1.0" encoding="UTF-8"?>
<testsuite xmlns:xsi="http://www.w3.org/2001/XMLSchema-instance" xsi:noNamespaceSchemaLocation="https://maven.apache.org/surefire/maven-surefire-plugin/xsd/surefire-test-report-3.0.xsd" version="3.0" name="TestSuite" time="0.258" tests="10" errors="0" skipped="0" failures="0">
  <properties>
    <property name="java.specification.version" value="20"/>
    <property name="sun.cpu.isalist" value="amd64"/>
    <property name="sun.jnu.encoding" value="Cp1258"/>
    <property name="java.class.path" value="C:\Users\ASUS\Documents\NetBeansProjects\testng-mathutil\target\test-classes;C:\Users\ASUS\Documents\NetBeansProjects\testng-mathutil\target\classes;C:\Users\ASUS\.m2\repository\org\testng\testng\6.8.1\testng-6.8.1.jar;C:\Users\ASUS\.m2\repository\junit\junit\4.10\junit-4.10.jar;C:\Users\ASUS\.m2\repository\org\hamcrest\hamcrest-core\1.1\hamcrest-core-1.1.jar;C:\Users\ASUS\.m2\repository\org\beanshell\bsh\2.0b4\bsh-2.0b4.jar;C:\Users\ASUS\.m2\repository\com\beust\jcommander\1.27\jcommander-1.27.jar;C:\Users\ASUS\.m2\repository\org\yaml\snakeyaml\1.6\snakeyaml-1.6.jar;"/>
    <property name="java.vm.vendor" value="Oracle Corporation"/>
    <property name="sun.arch.data.model" value="64"/>
    <property name="user.variant" value=""/>
    <property name="java.vendor.url" value="https://java.oracle.com/"/>
    <property name="user.timezone" value="Asia/Bangkok"/>
    <property name="user.country.format" value="VN"/>
    <property name="os.name" value="Windows 11"/>
    <property name="java.vm.specification.version" value="20"/>
    <property name="user.country" value="US"/>
    <property name="sun.java.launcher" value="SUN_STANDARD"/>
    <property name="sun.boot.library.path" value="C:\Program Files\Java\jdk-20\bin"/>
    <property name="sun.java.command" value="C:\Users\ASUS\AppData\Local\Temp\surefire17159648185338058308\surefirebooter-20240613203153261_3.jar C:\Users\ASUS\AppData\Local\Temp\surefire17159648185338058308 2024-06-13T20-31-53_129-jvmRun1 surefire-20240613203153261_1tmp surefire_0-20240613203153261_2tmp"/>
    <property name="jdk.debug" value="release"/>
    <property name="surefire.test.class.path" value="C:\Users\ASUS\Documents\NetBeansProjects\testng-mathutil\target\test-classes;C:\Users\ASUS\Documents\NetBeansProjects\testng-mathutil\target\classes;C:\Users\ASUS\.m2\repository\org\testng\testng\6.8.1\testng-6.8.1.jar;C:\Users\ASUS\.m2\repository\junit\junit\4.10\junit-4.10.jar;C:\Users\ASUS\.m2\repository\org\hamcrest\hamcrest-core\1.1\hamcrest-core-1.1.jar;C:\Users\ASUS\.m2\repository\org\beanshell\bsh\2.0b4\bsh-2.0b4.jar;C:\Users\ASUS\.m2\repository\com\beust\jcommander\1.27\jcommander-1.27.jar;C:\Users\ASUS\.m2\repository\org\yaml\snakeyaml\1.6\snakeyaml-1.6.jar;"/>
    <property name="sun.cpu.endian" value="little"/>
    <property name="user.home" value="C:\Users\ASUS"/>
    <property name="user.language" value="en"/>
    <property name="java.specification.vendor" value="Oracle Corporation"/>
    <property name="java.version.date" value="2023-07-18"/>
    <property name="java.home" value="C:\Program Files\Java\jdk-20"/>
    <property name="file.separator" value="\"/>
    <property name="basedir" value="C:\Users\ASUS\Documents\NetBeansProjects\testng-mathutil"/>
    <property name="java.vm.compressedOopsMode" value="32-bit"/>
    <property name="line.separator" value="&#10;"/>
    <property name="java.vm.specification.vendor" value="Oracle Corporation"/>
    <property name="java.specification.name" value="Java Platform API Specification"/>
    <property name="surefire.real.class.path" value="C:\Users\ASUS\AppData\Local\Temp\surefire17159648185338058308\surefirebooter-20240613203153261_3.jar"/>
    <property name="user.script" value=""/>
    <property name="sun.management.compiler" value="HotSpot 64-Bit Tiered Compilers"/>
    <property name="java.runtime.version" value="20.0.2+9-78"/>
    <property name="user.name" value="ASUS"/>
    <property name="stdout.encoding" value="Cp1258"/>
    <property name="path.separator" value=";"/>
    <property name="os.version" value="10.0"/>
    <property name="java.runtime.name" value="Java(TM) SE Runtime Environment"/>
    <property name="file.encoding" value="UTF-8"/>
    <property name="java.vm.name" value="Java HotSpot(TM) 64-Bit Server VM"/>
    <property name="maven.ext.class.path" value="C:\Program Files\NetBeans-22\netbeans\java\maven-nblib\netbeans-eventspy.jar"/>
    <property name="localRepository" value="C:\Users\ASUS\.m2\repository"/>
    <property name="java.vendor.url.bug" value="https://bugreport.java.com/bugreport/"/>
    <property name="java.io.tmpdir" value="C:\Users\ASUS\AppData\Local\Temp\"/>
    <property name="java.version" value="20.0.2"/>
    <property name="user.dir" value="C:\Users\ASUS\Documents\NetBeansProjects\testng-mathutil"/>
    <property name="os.arch" value="amd64"/>
    <property name="java.vm.specification.name" value="Java Virtual Machine Specification"/>
    <property name="user.language.format" value="vi"/>
    <property name="sun.os.patch.level" value=""/>
    <property name="native.encoding" value="Cp1258"/>
    <property name="java.library.path" value="C:\Program Files\Java\jdk-20\bin;C:\WINDOWS\Sun\Java\bin;C:\WINDOWS\system32;C:\WINDOWS;C:\Program Files\Common Files\Oracle\Java\javapath;C:\Program Files (x86)\Common Files\Oracle\Java\javapath;C:\Windows\system32;C:\Windows;C:\Windows\System32\Wbem;C:\Windows\System32\WindowsPowerShell\v1.0\;C:\Windows\System32\OpenSSH\;C:\Program Files (x86)\NVIDIA Corporation\PhysX\Common;C:\Program Files\NVIDIA Corporation\NVIDIA NvDLISR;C:\Program Files\dotnet\;C:\WINDOWS\system32;C:\WINDOWS;C:\WINDOWS\System32\Wbem;C:\WINDOWS\System32\WindowsPowerShell\v1.0\;C:\WINDOWS\System32\OpenSSH\;C:\Program Files\Cloudflare\Cloudflare WARP\;C:\Program Files\Docker\Docker\resources\bin;C:\Program Files (x86)\Microsoft SQL Server\150\DTS\Binn\;C:\Program Files\Azure Data Studio\bin;C:\Program Files\Microsoft SQL Server\Client SDK\ODBC\170\Tools\Binn\;C:\Program Files (x86)\Microsoft SQL Server\150\Tools\Binn\;C:\Program Files\Microsoft SQL Server\150\Tools\Binn\;C:\Program Files\Microsoft SQL Server\150\DTS\Binn\;C:\ProgramData\chocolatey\bin;C:\Program Files\Git\cmd;C:\Program Files\nodejs\;C:\Program Files\NetBeans-15\netbeans\java\maven\bin;C:\Program Files\Java\jdk-20;C:\Users\ASUS\AppData\Local\Programs\Python\Python310\Scripts\;C:\Users\ASUS\AppData\Local\Programs\Python\Python310\;C:\Users\ASUS\AppData\Local\Microsoft\WindowsApps;C:\Users\ASUS\.dotnet\tools;C:\Users\ASUS\AppData\Local\Programs\Microsoft VS Code\bin;C:\Program Files\JetBrains\IntelliJ IDEA 2021.1\bin;;C:\Program Files\Azure Data Studio\bin;C:\Users\ASUS\AppData\Roaming\npm;C:\Users\ASUS\AppData\Local\GitHubDesktop\bin;."/>
    <property name="java.vm.info" value="mixed mode, sharing"/>
    <property name="stderr.encoding" value="Cp1258"/>
    <property name="java.vendor" value="Oracle Corporation"/>
    <property name="java.vm.version" value="20.0.2+9-78"/>
    <property name="sun.io.unicode.encoding" value="UnicodeLittle"/>
    <property name="java.class.version" value="64.0"/>
  </properties>
  <testcase name="testGetFibonacciGivenRightArgumentReturnWell[0, 0](1)" classname="com.gahoccode.core.test.FibonacciCaculateDDTTest" time="0.007"/>
  <testcase name="testGetFibonacciGivenRightArgumentReturnWell[1, 1](2)" classname="com.gahoccode.core.test.FibonacciCaculateDDTTest" time="0.0"/>
  <testcase name="testGetFibonacciGivenRightArgumentReturnWell[2, 1](3)" classname="com.gahoccode.core.test.FibonacciCaculateDDTTest" time="0.0"/>
  <testcase name="testGetFibonacciGivenRightArgumentReturnWell[3, 2](4)" classname="com.gahoccode.core.test.FibonacciCaculateDDTTest" time="0.0"/>
  <testcase name="testGetFibonacciGivenRightArgumentReturnWell[4, 3](5)" classname="com.gahoccode.core.test.FibonacciCaculateDDTTest" time="0.0"/>
  <testcase name="testGetFibonacciGivenRightArgumentReturnWell[5, 5](6)" classname="com.gahoccode.core.test.FibonacciCaculateDDTTest" time="0.0"/>
  <testcase name="testGetFibonacciGivenRightArgumentReturnWell[6, 8](7)" classname="com.gahoccode.core.test.FibonacciCaculateDDTTest" time="0.0"/>
  <testcase name="testGetFibonacciGivenRightArgumentReturnWell[7, 13](8)" classname="com.gahoccode.core.test.FibonacciCaculateDDTTest" time="0.0"/>
  <testcase name="testGetFibonacciGivenRightArgumentReturnWell[8, 21](9)" classname="com.gahoccode.core.test.FibonacciCaculateDDTTest" time="0.0"/>
  <testcase name="testGetFibonacciGivenWrongArg_1ThrowsException" classname="com.gahoccode.core.test.FibonacciCaculateTest" time="0.002"/>
</testsuite>