<?xml version="1.0" encoding="UTF-8"?>
<!-- Generated by org.testng.reporters.JUnitReportReporter -->
<testsuite hostname="LAPTOP-5HNKGL8G" failures="0" tests="9" name="com.gahoccode.core.test.FibonacciCaculateDDTTest" time="0.011" errors="0" timestamp="13 Jun 2024 13:31:53 GMT">
  <testcase classname="com.gahoccode.core.test.FibonacciCaculateDDTTest" name="testGetFibonacciGivenRightArgumentReturnWell" time="0.001"/>
  <testcase classname="com.gahoccode.core.test.FibonacciCaculateDDTTest" name="testGetFibonacciGivenRightArgumentReturnWell" time="0.000"/>
  <testcase classname="com.gahoccode.core.test.FibonacciCaculateDDTTest" name="testGetFibonacciGivenRightArgumentReturnWell" time="0.000"/>
  <testcase classname="com.gahoccode.core.test.FibonacciCaculateDDTTest" name="testGetFibonacciGivenRightArgumentReturnWell" time="0.000"/>
  <testcase classname="com.gahoccode.core.test.FibonacciCaculateDDTTest" name="testGetFibonacciGivenRightArgumentReturnWell" time="0.008"/>
  <testcase classname="com.gahoccode.core.test.FibonacciCaculateDDTTest" name="testGetFibonacciGivenRightArgumentReturnWell" time="0.001"/>
  <testcase classname="com.gahoccode.core.test.FibonacciCaculateDDTTest" name="testGetFibonacciGivenRightArgumentReturnWell" time="0.000"/>
  <testcase classname="com.gahoccode.core.test.FibonacciCaculateDDTTest" name="testGetFibonacciGivenRightArgumentReturnWell" time="0.001"/>
  <testcase classname="com.gahoccode.core.test.FibonacciCaculateDDTTest" name="testGetFibonacciGivenRightArgumentReturnWell" time="0.000"/>
</testsuite> <!-- com.gahoccode.core.test.FibonacciCaculateDDTTest -->
