<?xml version="1.0" encoding="UTF-8"?>
<!-- Generated by org.testng.reporters.JUnitReportReporter -->
<testsuite hostname="LAPTOP-5HNKGL8G" failures="0" tests="1" name="com.gahoccode.core.test.FibonacciCaculateTest" time="0.000" errors="0" timestamp="13 Jun 2024 13:31:53 GMT">
  <testcase classname="com.gahoccode.core.test.FibonacciCaculateTest" name="testGetFibonacciGivenWrongArg_1ThrowsException" time="0.000"/>
</testsuite> <!-- com.gahoccode.core.test.FibonacciCaculateTest -->
